<?xml version="1.0" encoding="UTF-8"?>
<testsuite xmlns:xsi="http://www.w3.org/2001/XMLSchema-instance" xsi:noNamespaceSchemaLocation="https://maven.apache.org/surefire/maven-surefire-plugin/xsd/surefire-test-report.xsd" name="com.vip.nlp.AppTest" time="0.042" tests="1" errors="0" skipped="0" failures="0">
  <properties>
    <property name="sun.desktop" value="windows"/>
    <property name="awt.toolkit" value="sun.awt.windows.WToolkit"/>
    <property name="file.encoding.pkg" value="sun.io"/>
    <property name="java.specification.version" value="1.8"/>
    <property name="sun.cpu.isalist" value="amd64"/>
    <property name="sun.jnu.encoding" value="GBK"/>
    <property name="java.class.path" value="E:\dev_space\git\vip-algo-segment\segmentation-provider\target\test-classes;E:\dev_space\git\vip-algo-segment\segmentation-provider\target\classes;E:\dev_env\repository\junit\junit\4.11\junit-4.11.jar;E:\dev_env\repository\org\hamcrest\hamcrest-core\1.3\hamcrest-core-1.3.jar;"/>
    <property name="java.vm.vendor" value="Oracle Corporation"/>
    <property name="sun.arch.data.model" value="64"/>
    <property name="user.variant" value=""/>
    <property name="java.vendor.url" value="http://java.oracle.com/"/>
    <property name="user.timezone" value="Asia/Shanghai"/>
    <property name="java.vm.specification.version" value="1.8"/>
    <property name="os.name" value="Windows 7"/>
    <property name="user.country" value="CN"/>
    <property name="sun.java.launcher" value="SUN_STANDARD"/>
    <property name="sun.boot.library.path" value="D:\Program Files\Java\jdk1.8.0_25\jre\bin"/>
    <property name="sun.java.command" value="D:\Users\cheng.nie\AppData\Local\Temp\surefire4512740924057369527\surefirebooter3734062680334380661.jar D:\Users\cheng.nie\AppData\Local\Temp\surefire4512740924057369527 2018-06-13T21-15-14_454-jvmRun1 surefire2613915095756545534tmp surefire_04386567779544278587tmp"/>
    <property name="surefire.test.class.path" value="E:\dev_space\git\vip-algo-segment\segmentation-provider\target\test-classes;E:\dev_space\git\vip-algo-segment\segmentation-provider\target\classes;E:\dev_env\repository\junit\junit\4.11\junit-4.11.jar;E:\dev_env\repository\org\hamcrest\hamcrest-core\1.3\hamcrest-core-1.3.jar;"/>
    <property name="sun.cpu.endian" value="little"/>
    <property name="user.home" value="D:\Users\cheng.nie"/>
    <property name="user.language" value="zh"/>
    <property name="java.specification.vendor" value="Oracle Corporation"/>
    <property name="java.home" value="D:\Program Files\Java\jdk1.8.0_25\jre"/>
    <property name="basedir" value="E:\dev_space\git\vip-algo-segment\segmentation-provider"/>
    <property name="file.separator" value="\"/>
    <property name="line.separator" value="&#10;"/>
    <property name="java.vm.specification.vendor" value="Oracle Corporation"/>
    <property name="java.specification.name" value="Java Platform API Specification"/>
    <property name="java.awt.graphicsenv" value="sun.awt.Win32GraphicsEnvironment"/>
    <property name="surefire.real.class.path" value="D:\Users\cheng.nie\AppData\Local\Temp\surefire4512740924057369527\surefirebooter3734062680334380661.jar"/>
    <property name="sun.boot.class.path" value="D:\Program Files\Java\jdk1.8.0_25\jre\lib\resources.jar;D:\Program Files\Java\jdk1.8.0_25\jre\lib\rt.jar;D:\Program Files\Java\jdk1.8.0_25\jre\lib\sunrsasign.jar;D:\Program Files\Java\jdk1.8.0_25\jre\lib\jsse.jar;D:\Program Files\Java\jdk1.8.0_25\jre\lib\jce.jar;D:\Program Files\Java\jdk1.8.0_25\jre\lib\charsets.jar;D:\Program Files\Java\jdk1.8.0_25\jre\lib\jfr.jar;D:\Program Files\Java\jdk1.8.0_25\jre\classes"/>
    <property name="user.script" value=""/>
    <property name="sun.management.compiler" value="HotSpot 64-Bit Tiered Compilers"/>
    <property name="java.runtime.version" value="1.8.0_25-b18"/>
    <property name="user.name" value="cheng.nie"/>
    <property name="path.separator" value=";"/>
    <property name="os.version" value="6.1"/>
    <property name="java.endorsed.dirs" value="D:\Program Files\Java\jdk1.8.0_25\jre\lib\endorsed"/>
    <property name="java.runtime.name" value="Java(TM) SE Runtime Environment"/>
    <property name="file.encoding" value="GBK"/>
    <property name="java.vm.name" value="Java HotSpot(TM) 64-Bit Server VM"/>
    <property name="localRepository" value="E:\dev_env\repository"/>
    <property name="java.vendor.url.bug" value="http://bugreport.sun.com/bugreport/"/>
    <property name="java.io.tmpdir" value="D:\Users\cheng.nie\AppData\Local\Temp\"/>
    <property name="idea.version" value="2018.1"/>
    <property name="java.version" value="1.8.0_25"/>
    <property name="user.dir" value="E:\dev_space\git\vip-algo-segment\segmentation-provider"/>
    <property name="os.arch" value="amd64"/>
    <property name="java.vm.specification.name" value="Java Virtual Machine Specification"/>
    <property name="java.awt.printerjob" value="sun.awt.windows.WPrinterJob"/>
    <property name="sun.os.patch.level" value="Service Pack 1"/>
    <property name="java.library.path" value="D:\Program Files\Java\jdk1.8.0_25\jre\bin;C:\Windows\Sun\Java\bin;C:\Windows\system32;C:\Windows;C:\ProgramData\Oracle\Java\javapath;C:\Windows\system32;C:\Windows;C:\Windows\System32\Wbem;C:\Windows\System32\WindowsPowerShell\v1.0\;D:\Program Files\Java\jdk1.8.0_25\bin;D:\Program Files\Java\jdk1.8.0_25\jre\bin;D:\Program Files\nodejs\;d:\Program Files (x86)\Git\cmd;D:\Program Files (x86)\GitExtensions\;."/>
    <property name="java.vm.info" value="mixed mode"/>
    <property name="java.vendor" value="Oracle Corporation"/>
    <property name="java.vm.version" value="25.25-b02"/>
    <property name="java.ext.dirs" value="D:\Program Files\Java\jdk1.8.0_25\jre\lib\ext;C:\Windows\Sun\Java\lib\ext"/>
    <property name="sun.io.unicode.encoding" value="UnicodeLittle"/>
    <property name="maven.repo.local" value="E:\dev_env\repository"/>
    <property name="java.class.version" value="52.0"/>
  </properties>
  <testcase name="shouldAnswerWithTrue" classname="com.vip.nlp.AppTest" time="0.001"/>
</testsuite>